<?xml version="1.0" encoding="UTF-8" ?>
<testsuite tests="6" failures="0" name="com.jancurtis.futbin.connecter.requests.players.PlayersSearchRequestTest" time="8.418" errors="0" skipped="0">
  <properties>
[...]
</properties>
  <testcase classname="com.jancurtis.futbin.connecter.requests.players.PlayersSearchRequestTest" name="testPositionFilterAggregation" time="1.436"/>
  <testcase classname="com.jancurtis.futbin.connecter.requests.players.PlayersSearchRequestTest" name="testFromRatingFilter" time="1.128"/>
  <testcase classname="com.jancurtis.futbin.connecter.requests.players.PlayersSearchRequestTest" name="testNoFilters" time="1.716"/>
  <testcase classname="com.jancurtis.futbin.connecter.requests.players.PlayersSearchRequestTest" name="testPositionFilter" time="1.342"/>
  <testcase classname="com.jancurtis.futbin.connecter.requests.players.PlayersSearchRequestTest" name="testToRatingFilter" time="1.086"/>
  <testcase classname="com.jancurtis.futbin.connecter.requests.players.PlayersSearchRequestTest" name="testLeagueFilter" time="1.71"/>
</testsuite>